0 info it worked if it ends with ok
1 verbose cli [ '/Users/nathan/.nvm/versions/node/v5.10.0/bin/node',
1 verbose cli   '/Users/nathan/.nvm/versions/node/v5.10.0/bin/npm',
1 verbose cli   'run',
1 verbose cli   'build' ]
2 info using npm@3.9.0
3 info using node@v5.10.0
4 verbose stack Error: missing script: build
4 verbose stack     at run (/Users/nathan/.nvm/versions/node/v5.10.0/lib/node_modules/npm/lib/run-script.js:150:19)
4 verbose stack     at /Users/nathan/.nvm/versions/node/v5.10.0/lib/node_modules/npm/lib/run-script.js:60:5
4 verbose stack     at /Users/nathan/.nvm/versions/node/v5.10.0/lib/node_modules/npm/node_modules/read-package-json/read-json.js:356:5
4 verbose stack     at checkBinReferences_ (/Users/nathan/.nvm/versions/node/v5.10.0/lib/node_modules/npm/node_modules/read-package-json/read-json.js:320:45)
4 verbose stack     at final (/Users/nathan/.nvm/versions/node/v5.10.0/lib/node_modules/npm/node_modules/read-package-json/read-json.js:354:3)
4 verbose stack     at then (/Users/nathan/.nvm/versions/node/v5.10.0/lib/node_modules/npm/node_modules/read-package-json/read-json.js:124:5)
4 verbose stack     at /Users/nathan/.nvm/versions/node/v5.10.0/lib/node_modules/npm/node_modules/read-package-json/read-json.js:311:12
4 verbose stack     at /Users/nathan/.nvm/versions/node/v5.10.0/lib/node_modules/npm/node_modules/graceful-fs/graceful-fs.js:78:16
4 verbose stack     at tryToString (fs.js:414:3)
4 verbose stack     at FSReqWrap.readFileAfterClose [as oncomplete] (fs.js:401:12)
5 verbose cwd /Users/nathan/web/bobonroast
6 error Darwin 15.5.0
7 error argv "/Users/nathan/.nvm/versions/node/v5.10.0/bin/node" "/Users/nathan/.nvm/versions/node/v5.10.0/bin/npm" "run" "build"
8 error node v5.10.0
9 error npm  v3.9.0
10 error missing script: build
11 error If you need help, you may report this error at:
11 error     <https://github.com/npm/npm/issues>
12 verbose exit [ 1, true ]
